<?xml version="1.0" encoding="UTF-8"?>
<!-- Generated by org.testng.reporters.JUnitReportReporter -->
<testsuite hostname="DESKTOP-FQ8REV2" failures="0" tests="1" name="Tests.CreateTicketTest" time="65.272" errors="1" timestamp="2025-04-01T12:05:17 IST" skipped="0">
  <testcase classname="Tests.CreateTicketTest" name="sendEmailsMultipleTimeswithOTP" time="65.272">
    <error message="No enum constant io.appium.java_client.android.nativekey.AndroidKey.DIGIT_." type="java.lang.IllegalArgumentException">
      <![CDATA[java.lang.IllegalArgumentException: No enum constant io.appium.java_client.android.nativekey.AndroidKey.DIGIT_.
at java.base/java.lang.Enum.valueOf(Enum.java:293)
at io.appium.java_client.android.nativekey.AndroidKey.valueOf(AndroidKey.java:3)
at pages.OperationsButton.enterPIN(OperationsButton.java:865)
at pages.OperationsButton.enterPINAndCheckError(OperationsButton.java:976)
at Tests.CreateTicketTest.sendEmailsMultipleTimeswithOTP(CreateTicketTest.java:84)
at java.base/jdk.internal.reflect.DirectMethodHandleAccessor.invoke(DirectMethodHandleAccessor.java:103)
at java.base/java.lang.reflect.Method.invoke(Method.java:580)
at org.testng.internal.invokers.MethodInvocationHelper.invokeMethod(MethodInvocationHelper.java:141)
at org.testng.internal.invokers.TestInvoker.invokeMethod(TestInvoker.java:686)
at org.testng.internal.invokers.TestInvoker.invokeTestMethod(TestInvoker.java:230)
at org.testng.internal.invokers.MethodRunner.runInSequence(MethodRunner.java:63)
at org.testng.internal.invokers.TestInvoker$MethodInvocationAgent.invoke(TestInvoker.java:992)
at org.testng.internal.invokers.TestInvoker.invokeTestMethods(TestInvoker.java:203)
at org.testng.internal.invokers.TestMethodWorker.invokeTestMethods(TestMethodWorker.java:154)
at org.testng.internal.invokers.TestMethodWorker.run(TestMethodWorker.java:134)
at java.base/java.util.ArrayList.forEach(ArrayList.java:1597)
at org.testng.TestRunner.privateRun(TestRunner.java:739)
at org.testng.TestRunner.run(TestRunner.java:614)
at org.testng.SuiteRunner.runTest(SuiteRunner.java:421)
at org.testng.SuiteRunner.runSequentially(SuiteRunner.java:413)
at org.testng.SuiteRunner.privateRun(SuiteRunner.java:373)
at org.testng.SuiteRunner.run(SuiteRunner.java:312)
at org.testng.SuiteRunnerWorker.runSuite(SuiteRunnerWorker.java:52)
at org.testng.SuiteRunnerWorker.run(SuiteRunnerWorker.java:95)
at org.testng.TestNG.runSuitesSequentially(TestNG.java:1274)
at org.testng.TestNG.runSuitesLocally(TestNG.java:1208)
at org.testng.TestNG.runSuites(TestNG.java:1112)
at org.testng.TestNG.run(TestNG.java:1079)
at com.intellij.rt.testng.IDEARemoteTestNG.run(IDEARemoteTestNG.java:65)
at com.intellij.rt.testng.RemoteTestNGStarter.main(RemoteTestNGStarter.java:105)
]]>
    </error>
    <system-out>
      <![CDATA[<br><b>ðŸ”„ Execution Iteration: 1</b>
âœ… Generated Mobile Number: 9928621529
âœ… Entered Mobile Number: 9928621529
Name 'venky' has been entered into the 'Enter your name' field.
<br>ðŸ“§ Generated Valid Email: <b><font color='blue'>lwkFIoie5WWumywoCptGu6Jo7CBF@business.net</font></b> (Length: 41)
<br>âœ… <b><font color='green'>Valid Email:</font></b> lwkFIoie5WWumywoCptGu6Jo7CBF@business.net
<br>ðŸ“¸ Screenshot: <a href='screenshots/Valid_Email_1.png' target='_blank'>View</a>
Clicked on the 'Select issue type' ImageView.
Clicked on the 'Login issue' ImageView.
Clicked on the 'Confirm' TextView.
Entered the issue description into the 'Write your issue here...' field.
Successfully clicked the 'Upload Image' button.
Successfully clicked the 'Choose from gallery' button.
Successfully clicked the ImageView with resource-id 'icon_thumbnail'.
âœ… Successfully clicked the 'Submit' button.]]>
    </system-out>
  </testcase> <!-- sendEmailsMultipleTimeswithOTP -->
  <system-out>
    <![CDATA[<br><b>ðŸ”„ Execution Iteration: 1</b>
âœ… Generated Mobile Number: 9928621529
âœ… Entered Mobile Number: 9928621529
Name 'venky' has been entered into the 'Enter your name' field.
<br>ðŸ“§ Generated Valid Email: <b><font color='blue'>lwkFIoie5WWumywoCptGu6Jo7CBF@business.net</font></b> (Length: 41)
<br>âœ… <b><font color='green'>Valid Email:</font></b> lwkFIoie5WWumywoCptGu6Jo7CBF@business.net
<br>ðŸ“¸ Screenshot: <a href='screenshots/Valid_Email_1.png' target='_blank'>View</a>
Clicked on the 'Select issue type' ImageView.
Clicked on the 'Login issue' ImageView.
Clicked on the 'Confirm' TextView.
Entered the issue description into the 'Write your issue here...' field.
Successfully clicked the 'Upload Image' button.
Successfully clicked the 'Choose from gallery' button.
Successfully clicked the ImageView with resource-id 'icon_thumbnail'.
âœ… Successfully clicked the 'Submit' button.]]>
  </system-out>
</testsuite> <!-- Tests.CreateTicketTest -->
